The system is: Linux - 3.18.22+ - aarch64
Compiling the C compiler identification source file "CMakeCCompilerId.c" succeeded.
Compiler: /data/data/com.termux/files/usr/bin/cc 
Build flags: 
Id flags:  

The output was:
0


Compilation of the C compiler identification source "CMakeCCompilerId.c" produced "a.out"

The C compiler identification is Clang, found in "/data/data/com.termux/files/home/ELFLoader/CMakeFiles/3.9.1/CompilerIdC/a.out"

Compiling the CXX compiler identification source file "CMakeCXXCompilerId.cpp" succeeded.
Compiler: /data/data/com.termux/files/usr/bin/c++ 
Build flags: 
Id flags:  

The output was:
0


Compilation of the CXX compiler identification source "CMakeCXXCompilerId.cpp" produced "a.out"

The CXX compiler identification is Clang, found in "/data/data/com.termux/files/home/ELFLoader/CMakeFiles/3.9.1/CompilerIdCXX/a.out"

Determining if the C compiler works passed with the following output:
Change Dir: /data/data/com.termux/files/home/ELFLoader/CMakeFiles/CMakeTmp

Run Build Command:"/data/data/com.termux/files/usr/bin/make" "cmTC_6f42f/fast"
/data/data/com.termux/files/usr/bin/make -f CMakeFiles/cmTC_6f42f.dir/build.make CMakeFiles/cmTC_6f42f.dir/build
make[1]: Entering directory '/data/data/com.termux/files/home/ELFLoader/CMakeFiles/CMakeTmp'
Building C object CMakeFiles/cmTC_6f42f.dir/testCCompiler.c.o
/data/data/com.termux/files/usr/bin/cc    -o CMakeFiles/cmTC_6f42f.dir/testCCompiler.c.o   -c /data/data/com.termux/files/home/ELFLoader/CMakeFiles/CMakeTmp/testCCompiler.c
Linking C executable cmTC_6f42f
/data/data/com.termux/files/usr/bin/cmake -E cmake_link_script CMakeFiles/cmTC_6f42f.dir/link.txt --verbose=1
/data/data/com.termux/files/usr/bin/cc      -rdynamic CMakeFiles/cmTC_6f42f.dir/testCCompiler.c.o  -o cmTC_6f42f 
make[1]: Leaving directory '/data/data/com.termux/files/home/ELFLoader/CMakeFiles/CMakeTmp'


Detecting C compiler ABI info compiled with the following output:
Change Dir: /data/data/com.termux/files/home/ELFLoader/CMakeFiles/CMakeTmp

Run Build Command:"/data/data/com.termux/files/usr/bin/make" "cmTC_3176a/fast"
/data/data/com.termux/files/usr/bin/make -f CMakeFiles/cmTC_3176a.dir/build.make CMakeFiles/cmTC_3176a.dir/build
make[1]: Entering directory '/data/data/com.termux/files/home/ELFLoader/CMakeFiles/CMakeTmp'
Building C object CMakeFiles/cmTC_3176a.dir/CMakeCCompilerABI.c.o
/data/data/com.termux/files/usr/bin/cc    -o CMakeFiles/cmTC_3176a.dir/CMakeCCompilerABI.c.o   -c /data/data/com.termux/files/usr/share/cmake-3.9/Modules/CMakeCCompilerABI.c
Linking C executable cmTC_3176a
/data/data/com.termux/files/usr/bin/cmake -E cmake_link_script CMakeFiles/cmTC_3176a.dir/link.txt --verbose=1
/data/data/com.termux/files/usr/bin/cc     -v -rdynamic CMakeFiles/cmTC_3176a.dir/CMakeCCompilerABI.c.o  -o cmTC_3176a 
clang version 4.0.1 (tags/RELEASE_401/final)
Target: aarch64--linux-android
Thread model: posix
InstalledDir: /data/data/com.termux/files/usr/bin
 "/data/data/com.termux/files/usr/bin/ld" -pie -export-dynamic --fix-cortex-a53-843419 --eh-frame-hdr -m aarch64linux -export-dynamic -dynamic-linker /system/bin/linker64 -o cmTC_3176a /data/data/com.termux/files/usr/bin/../lib/crtbegin_dynamic.o -L/data/data/com.termux/files/usr/bin/../lib CMakeFiles/cmTC_3176a.dir/CMakeCCompilerABI.c.o -lgcc -ldl -lc -lgcc -ldl /data/data/com.termux/files/usr/bin/../lib/crtend_android.o
make[1]: Leaving directory '/data/data/com.termux/files/home/ELFLoader/CMakeFiles/CMakeTmp'


Parsed C implicit link information from above output:
  link line regex: [^( *|.*[/\])(ld|CMAKE_LINK_STARTFILE-NOTFOUND|([^/\]+-)?ld|collect2)[^/\]*( |$)]
  ignore line: [Change Dir: /data/data/com.termux/files/home/ELFLoader/CMakeFiles/CMakeTmp]
  ignore line: []
  ignore line: [Run Build Command:"/data/data/com.termux/files/usr/bin/make" "cmTC_3176a/fast"]
  ignore line: [/data/data/com.termux/files/usr/bin/make -f CMakeFiles/cmTC_3176a.dir/build.make CMakeFiles/cmTC_3176a.dir/build]
  ignore line: [make[1]: Entering directory '/data/data/com.termux/files/home/ELFLoader/CMakeFiles/CMakeTmp']
  ignore line: [Building C object CMakeFiles/cmTC_3176a.dir/CMakeCCompilerABI.c.o]
  ignore line: [/data/data/com.termux/files/usr/bin/cc    -o CMakeFiles/cmTC_3176a.dir/CMakeCCompilerABI.c.o   -c /data/data/com.termux/files/usr/share/cmake-3.9/Modules/CMakeCCompilerABI.c]
  ignore line: [Linking C executable cmTC_3176a]
  ignore line: [/data/data/com.termux/files/usr/bin/cmake -E cmake_link_script CMakeFiles/cmTC_3176a.dir/link.txt --verbose=1]
  ignore line: [/data/data/com.termux/files/usr/bin/cc     -v -rdynamic CMakeFiles/cmTC_3176a.dir/CMakeCCompilerABI.c.o  -o cmTC_3176a ]
  ignore line: [clang version 4.0.1 (tags/RELEASE_401/final)]
  ignore line: [Target: aarch64--linux-android]
  ignore line: [Thread model: posix]
  ignore line: [InstalledDir: /data/data/com.termux/files/usr/bin]
  link line: [ "/data/data/com.termux/files/usr/bin/ld" -pie -export-dynamic --fix-cortex-a53-843419 --eh-frame-hdr -m aarch64linux -export-dynamic -dynamic-linker /system/bin/linker64 -o cmTC_3176a /data/data/com.termux/files/usr/bin/../lib/crtbegin_dynamic.o -L/data/data/com.termux/files/usr/bin/../lib CMakeFiles/cmTC_3176a.dir/CMakeCCompilerABI.c.o -lgcc -ldl -lc -lgcc -ldl /data/data/com.termux/files/usr/bin/../lib/crtend_android.o]
    arg [/data/data/com.termux/files/usr/bin/ld] ==> ignore
    arg [-pie] ==> ignore
    arg [-export-dynamic] ==> ignore
    arg [--fix-cortex-a53-843419] ==> ignore
    arg [--eh-frame-hdr] ==> ignore
    arg [-m] ==> ignore
    arg [aarch64linux] ==> ignore
    arg [-export-dynamic] ==> ignore
    arg [-dynamic-linker] ==> ignore
    arg [/system/bin/linker64] ==> ignore
    arg [-o] ==> ignore
    arg [cmTC_3176a] ==> ignore
    arg [/data/data/com.termux/files/usr/bin/../lib/crtbegin_dynamic.o] ==> ignore
    arg [-L/data/data/com.termux/files/usr/bin/../lib] ==> dir [/data/data/com.termux/files/usr/bin/../lib]
    arg [CMakeFiles/cmTC_3176a.dir/CMakeCCompilerABI.c.o] ==> ignore
    arg [-lgcc] ==> lib [gcc]
    arg [-ldl] ==> lib [dl]
    arg [-lc] ==> lib [c]
    arg [-lgcc] ==> lib [gcc]
    arg [-ldl] ==> lib [dl]
    arg [/data/data/com.termux/files/usr/bin/../lib/crtend_android.o] ==> ignore
  collapse library dir [/data/data/com.termux/files/usr/bin/../lib] ==> [/data/data/com.termux/files/usr/lib]
  implicit libs: [gcc;dl;c;gcc;dl]
  implicit dirs: [/data/data/com.termux/files/usr/lib]
  implicit fwks: []




Detecting C [-std=c11] compiler features compiled with the following output:
Change Dir: /data/data/com.termux/files/home/ELFLoader/CMakeFiles/CMakeTmp

Run Build Command:"/data/data/com.termux/files/usr/bin/make" "cmTC_fa5c9/fast"
/data/data/com.termux/files/usr/bin/make -f CMakeFiles/cmTC_fa5c9.dir/build.make CMakeFiles/cmTC_fa5c9.dir/build
make[1]: Entering directory '/data/data/com.termux/files/home/ELFLoader/CMakeFiles/CMakeTmp'
Building C object CMakeFiles/cmTC_fa5c9.dir/feature_tests.c.o
/data/data/com.termux/files/usr/bin/cc   -std=c11 -o CMakeFiles/cmTC_fa5c9.dir/feature_tests.c.o   -c /data/data/com.termux/files/home/ELFLoader/CMakeFiles/feature_tests.c
Linking C executable cmTC_fa5c9
/data/data/com.termux/files/usr/bin/cmake -E cmake_link_script CMakeFiles/cmTC_fa5c9.dir/link.txt --verbose=1
/data/data/com.termux/files/usr/bin/cc      -rdynamic CMakeFiles/cmTC_fa5c9.dir/feature_tests.c.o  -o cmTC_fa5c9 
make[1]: Leaving directory '/data/data/com.termux/files/home/ELFLoader/CMakeFiles/CMakeTmp'


    Feature record: C_FEATURE:1c_function_prototypes
    Feature record: C_FEATURE:1c_restrict
    Feature record: C_FEATURE:1c_static_assert
    Feature record: C_FEATURE:1c_variadic_macros


Detecting C [-std=c99] compiler features compiled with the following output:
Change Dir: /data/data/com.termux/files/home/ELFLoader/CMakeFiles/CMakeTmp

Run Build Command:"/data/data/com.termux/files/usr/bin/make" "cmTC_315ec/fast"
/data/data/com.termux/files/usr/bin/make -f CMakeFiles/cmTC_315ec.dir/build.make CMakeFiles/cmTC_315ec.dir/build
make[1]: Entering directory '/data/data/com.termux/files/home/ELFLoader/CMakeFiles/CMakeTmp'
Building C object CMakeFiles/cmTC_315ec.dir/feature_tests.c.o
/data/data/com.termux/files/usr/bin/cc   -std=c99 -o CMakeFiles/cmTC_315ec.dir/feature_tests.c.o   -c /data/data/com.termux/files/home/ELFLoader/CMakeFiles/feature_tests.c
Linking C executable cmTC_315ec
/data/data/com.termux/files/usr/bin/cmake -E cmake_link_script CMakeFiles/cmTC_315ec.dir/link.txt --verbose=1
/data/data/com.termux/files/usr/bin/cc      -rdynamic CMakeFiles/cmTC_315ec.dir/feature_tests.c.o  -o cmTC_315ec 
make[1]: Leaving directory '/data/data/com.termux/files/home/ELFLoader/CMakeFiles/CMakeTmp'


    Feature record: C_FEATURE:1c_function_prototypes
    Feature record: C_FEATURE:1c_restrict
    Feature record: C_FEATURE:0c_static_assert
    Feature record: C_FEATURE:1c_variadic_macros


Detecting C [-std=c90] compiler features compiled with the following output:
Change Dir: /data/data/com.termux/files/home/ELFLoader/CMakeFiles/CMakeTmp

Run Build Command:"/data/data/com.termux/files/usr/bin/make" "cmTC_c8eab/fast"
/data/data/com.termux/files/usr/bin/make -f CMakeFiles/cmTC_c8eab.dir/build.make CMakeFiles/cmTC_c8eab.dir/build
make[1]: Entering directory '/data/data/com.termux/files/home/ELFLoader/CMakeFiles/CMakeTmp'
Building C object CMakeFiles/cmTC_c8eab.dir/feature_tests.c.o
/data/data/com.termux/files/usr/bin/cc   -std=c90 -o CMakeFiles/cmTC_c8eab.dir/feature_tests.c.o   -c /data/data/com.termux/files/home/ELFLoader/CMakeFiles/feature_tests.c
Linking C executable cmTC_c8eab
/data/data/com.termux/files/usr/bin/cmake -E cmake_link_script CMakeFiles/cmTC_c8eab.dir/link.txt --verbose=1
/data/data/com.termux/files/usr/bin/cc      -rdynamic CMakeFiles/cmTC_c8eab.dir/feature_tests.c.o  -o cmTC_c8eab 
make[1]: Leaving directory '/data/data/com.termux/files/home/ELFLoader/CMakeFiles/CMakeTmp'


    Feature record: C_FEATURE:1c_function_prototypes
    Feature record: C_FEATURE:0c_restrict
    Feature record: C_FEATURE:0c_static_assert
    Feature record: C_FEATURE:0c_variadic_macros
Determining if the CXX compiler works passed with the following output:
Change Dir: /data/data/com.termux/files/home/ELFLoader/CMakeFiles/CMakeTmp

Run Build Command:"/data/data/com.termux/files/usr/bin/make" "cmTC_61767/fast"
/data/data/com.termux/files/usr/bin/make -f CMakeFiles/cmTC_61767.dir/build.make CMakeFiles/cmTC_61767.dir/build
make[1]: Entering directory '/data/data/com.termux/files/home/ELFLoader/CMakeFiles/CMakeTmp'
Building CXX object CMakeFiles/cmTC_61767.dir/testCXXCompiler.cxx.o
/data/data/com.termux/files/usr/bin/c++     -o CMakeFiles/cmTC_61767.dir/testCXXCompiler.cxx.o -c /data/data/com.termux/files/home/ELFLoader/CMakeFiles/CMakeTmp/testCXXCompiler.cxx
Linking CXX executable cmTC_61767
/data/data/com.termux/files/usr/bin/cmake -E cmake_link_script CMakeFiles/cmTC_61767.dir/link.txt --verbose=1
/data/data/com.termux/files/usr/bin/c++       -rdynamic CMakeFiles/cmTC_61767.dir/testCXXCompiler.cxx.o  -o cmTC_61767 
make[1]: Leaving directory '/data/data/com.termux/files/home/ELFLoader/CMakeFiles/CMakeTmp'


Detecting CXX compiler ABI info compiled with the following output:
Change Dir: /data/data/com.termux/files/home/ELFLoader/CMakeFiles/CMakeTmp

Run Build Command:"/data/data/com.termux/files/usr/bin/make" "cmTC_d5dc9/fast"
/data/data/com.termux/files/usr/bin/make -f CMakeFiles/cmTC_d5dc9.dir/build.make CMakeFiles/cmTC_d5dc9.dir/build
make[1]: Entering directory '/data/data/com.termux/files/home/ELFLoader/CMakeFiles/CMakeTmp'
Building CXX object CMakeFiles/cmTC_d5dc9.dir/CMakeCXXCompilerABI.cpp.o
/data/data/com.termux/files/usr/bin/c++     -o CMakeFiles/cmTC_d5dc9.dir/CMakeCXXCompilerABI.cpp.o -c /data/data/com.termux/files/usr/share/cmake-3.9/Modules/CMakeCXXCompilerABI.cpp
Linking CXX executable cmTC_d5dc9
/data/data/com.termux/files/usr/bin/cmake -E cmake_link_script CMakeFiles/cmTC_d5dc9.dir/link.txt --verbose=1
/data/data/com.termux/files/usr/bin/c++      -v -rdynamic CMakeFiles/cmTC_d5dc9.dir/CMakeCXXCompilerABI.cpp.o  -o cmTC_d5dc9 
clang version 4.0.1 (tags/RELEASE_401/final)
Target: aarch64--linux-android
Thread model: posix
InstalledDir: /data/data/com.termux/files/usr/bin
 "/data/data/com.termux/files/usr/bin/ld" -pie -export-dynamic --fix-cortex-a53-843419 --eh-frame-hdr -m aarch64linux -export-dynamic -dynamic-linker /system/bin/linker64 -o cmTC_d5dc9 /data/data/com.termux/files/usr/bin/../lib/crtbegin_dynamic.o -L/data/data/com.termux/files/usr/bin/../lib CMakeFiles/cmTC_d5dc9.dir/CMakeCXXCompilerABI.cpp.o -lc++_shared -lm -lgcc -lgcc -ldl -lc -lgcc -lgcc -ldl /data/data/com.termux/files/usr/bin/../lib/crtend_android.o
make[1]: Leaving directory '/data/data/com.termux/files/home/ELFLoader/CMakeFiles/CMakeTmp'


Parsed CXX implicit link information from above output:
  link line regex: [^( *|.*[/\])(ld|CMAKE_LINK_STARTFILE-NOTFOUND|([^/\]+-)?ld|collect2)[^/\]*( |$)]
  ignore line: [Change Dir: /data/data/com.termux/files/home/ELFLoader/CMakeFiles/CMakeTmp]
  ignore line: []
  ignore line: [Run Build Command:"/data/data/com.termux/files/usr/bin/make" "cmTC_d5dc9/fast"]
  ignore line: [/data/data/com.termux/files/usr/bin/make -f CMakeFiles/cmTC_d5dc9.dir/build.make CMakeFiles/cmTC_d5dc9.dir/build]
  ignore line: [make[1]: Entering directory '/data/data/com.termux/files/home/ELFLoader/CMakeFiles/CMakeTmp']
  ignore line: [Building CXX object CMakeFiles/cmTC_d5dc9.dir/CMakeCXXCompilerABI.cpp.o]
  ignore line: [/data/data/com.termux/files/usr/bin/c++     -o CMakeFiles/cmTC_d5dc9.dir/CMakeCXXCompilerABI.cpp.o -c /data/data/com.termux/files/usr/share/cmake-3.9/Modules/CMakeCXXCompilerABI.cpp]
  ignore line: [Linking CXX executable cmTC_d5dc9]
  ignore line: [/data/data/com.termux/files/usr/bin/cmake -E cmake_link_script CMakeFiles/cmTC_d5dc9.dir/link.txt --verbose=1]
  ignore line: [/data/data/com.termux/files/usr/bin/c++      -v -rdynamic CMakeFiles/cmTC_d5dc9.dir/CMakeCXXCompilerABI.cpp.o  -o cmTC_d5dc9 ]
  ignore line: [clang version 4.0.1 (tags/RELEASE_401/final)]
  ignore line: [Target: aarch64--linux-android]
  ignore line: [Thread model: posix]
  ignore line: [InstalledDir: /data/data/com.termux/files/usr/bin]
  link line: [ "/data/data/com.termux/files/usr/bin/ld" -pie -export-dynamic --fix-cortex-a53-843419 --eh-frame-hdr -m aarch64linux -export-dynamic -dynamic-linker /system/bin/linker64 -o cmTC_d5dc9 /data/data/com.termux/files/usr/bin/../lib/crtbegin_dynamic.o -L/data/data/com.termux/files/usr/bin/../lib CMakeFiles/cmTC_d5dc9.dir/CMakeCXXCompilerABI.cpp.o -lc++_shared -lm -lgcc -lgcc -ldl -lc -lgcc -lgcc -ldl /data/data/com.termux/files/usr/bin/../lib/crtend_android.o]
    arg [/data/data/com.termux/files/usr/bin/ld] ==> ignore
    arg [-pie] ==> ignore
    arg [-export-dynamic] ==> ignore
    arg [--fix-cortex-a53-843419] ==> ignore
    arg [--eh-frame-hdr] ==> ignore
    arg [-m] ==> ignore
    arg [aarch64linux] ==> ignore
    arg [-export-dynamic] ==> ignore
    arg [-dynamic-linker] ==> ignore
    arg [/system/bin/linker64] ==> ignore
    arg [-o] ==> ignore
    arg [cmTC_d5dc9] ==> ignore
    arg [/data/data/com.termux/files/usr/bin/../lib/crtbegin_dynamic.o] ==> ignore
    arg [-L/data/data/com.termux/files/usr/bin/../lib] ==> dir [/data/data/com.termux/files/usr/bin/../lib]
    arg [CMakeFiles/cmTC_d5dc9.dir/CMakeCXXCompilerABI.cpp.o] ==> ignore
    arg [-lc++_shared] ==> lib [c++_shared]
    arg [-lm] ==> lib [m]
    arg [-lgcc] ==> lib [gcc]
    arg [-lgcc] ==> lib [gcc]
    arg [-ldl] ==> lib [dl]
    arg [-lc] ==> lib [c]
    arg [-lgcc] ==> lib [gcc]
    arg [-lgcc] ==> lib [gcc]
    arg [-ldl] ==> lib [dl]
    arg [/data/data/com.termux/files/usr/bin/../lib/crtend_android.o] ==> ignore
  collapse library dir [/data/data/com.termux/files/usr/bin/../lib] ==> [/data/data/com.termux/files/usr/lib]
  implicit libs: [c++_shared;m;gcc;gcc;dl;c;gcc;gcc;dl]
  implicit dirs: [/data/data/com.termux/files/usr/lib]
  implicit fwks: []




Detecting CXX [-std=c++1z] compiler features compiled with the following output:
Change Dir: /data/data/com.termux/files/home/ELFLoader/CMakeFiles/CMakeTmp

Run Build Command:"/data/data/com.termux/files/usr/bin/make" "cmTC_cd700/fast"
/data/data/com.termux/files/usr/bin/make -f CMakeFiles/cmTC_cd700.dir/build.make CMakeFiles/cmTC_cd700.dir/build
make[1]: Entering directory '/data/data/com.termux/files/home/ELFLoader/CMakeFiles/CMakeTmp'
Building CXX object CMakeFiles/cmTC_cd700.dir/feature_tests.cxx.o
/data/data/com.termux/files/usr/bin/c++    -std=c++1z -o CMakeFiles/cmTC_cd700.dir/feature_tests.cxx.o -c /data/data/com.termux/files/home/ELFLoader/CMakeFiles/feature_tests.cxx
Linking CXX executable cmTC_cd700
/data/data/com.termux/files/usr/bin/cmake -E cmake_link_script CMakeFiles/cmTC_cd700.dir/link.txt --verbose=1
/data/data/com.termux/files/usr/bin/c++       -rdynamic CMakeFiles/cmTC_cd700.dir/feature_tests.cxx.o  -o cmTC_cd700 
make[1]: Leaving directory '/data/data/com.termux/files/home/ELFLoader/CMakeFiles/CMakeTmp'


    Feature record: CXX_FEATURE:1cxx_aggregate_default_initializers
    Feature record: CXX_FEATURE:1cxx_alias_templates
    Feature record: CXX_FEATURE:1cxx_alignas
    Feature record: CXX_FEATURE:1cxx_alignof
    Feature record: CXX_FEATURE:1cxx_attributes
    Feature record: CXX_FEATURE:1cxx_attribute_deprecated
    Feature record: CXX_FEATURE:1cxx_auto_type
    Feature record: CXX_FEATURE:1cxx_binary_literals
    Feature record: CXX_FEATURE:1cxx_constexpr
    Feature record: CXX_FEATURE:1cxx_contextual_conversions
    Feature record: CXX_FEATURE:1cxx_decltype
    Feature record: CXX_FEATURE:1cxx_decltype_auto
    Feature record: CXX_FEATURE:1cxx_decltype_incomplete_return_types
    Feature record: CXX_FEATURE:1cxx_default_function_template_args
    Feature record: CXX_FEATURE:1cxx_defaulted_functions
    Feature record: CXX_FEATURE:1cxx_defaulted_move_initializers
    Feature record: CXX_FEATURE:1cxx_delegating_constructors
    Feature record: CXX_FEATURE:1cxx_deleted_functions
    Feature record: CXX_FEATURE:1cxx_digit_separators
    Feature record: CXX_FEATURE:1cxx_enum_forward_declarations
    Feature record: CXX_FEATURE:1cxx_explicit_conversions
    Feature record: CXX_FEATURE:1cxx_extended_friend_declarations
    Feature record: CXX_FEATURE:1cxx_extern_templates
    Feature record: CXX_FEATURE:1cxx_final
    Feature record: CXX_FEATURE:1cxx_func_identifier
    Feature record: CXX_FEATURE:1cxx_generalized_initializers
    Feature record: CXX_FEATURE:1cxx_generic_lambdas
    Feature record: CXX_FEATURE:1cxx_inheriting_constructors
    Feature record: CXX_FEATURE:1cxx_inline_namespaces
    Feature record: CXX_FEATURE:1cxx_lambdas
    Feature record: CXX_FEATURE:1cxx_lambda_init_captures
    Feature record: CXX_FEATURE:1cxx_local_type_template_args
    Feature record: CXX_FEATURE:1cxx_long_long_type
    Feature record: CXX_FEATURE:1cxx_noexcept
    Feature record: CXX_FEATURE:1cxx_nonstatic_member_init
    Feature record: CXX_FEATURE:1cxx_nullptr
    Feature record: CXX_FEATURE:1cxx_override
    Feature record: CXX_FEATURE:1cxx_range_for
    Feature record: CXX_FEATURE:1cxx_raw_string_literals
    Feature record: CXX_FEATURE:1cxx_reference_qualified_functions
    Feature record: CXX_FEATURE:1cxx_relaxed_constexpr
    Feature record: CXX_FEATURE:1cxx_return_type_deduction
    Feature record: CXX_FEATURE:1cxx_right_angle_brackets
    Feature record: CXX_FEATURE:1cxx_rvalue_references
    Feature record: CXX_FEATURE:1cxx_sizeof_member
    Feature record: CXX_FEATURE:1cxx_static_assert
    Feature record: CXX_FEATURE:1cxx_strong_enums
    Feature record: CXX_FEATURE:1cxx_template_template_parameters
    Feature record: CXX_FEATURE:1cxx_thread_local
    Feature record: CXX_FEATURE:1cxx_trailing_return_types
    Feature record: CXX_FEATURE:1cxx_unicode_literals
    Feature record: CXX_FEATURE:1cxx_uniform_initialization
    Feature record: CXX_FEATURE:1cxx_unrestricted_unions
    Feature record: CXX_FEATURE:1cxx_user_literals
    Feature record: CXX_FEATURE:1cxx_variable_templates
    Feature record: CXX_FEATURE:1cxx_variadic_macros
    Feature record: CXX_FEATURE:1cxx_variadic_templates


Detecting CXX [-std=c++14] compiler features compiled with the following output:
Change Dir: /data/data/com.termux/files/home/ELFLoader/CMakeFiles/CMakeTmp

Run Build Command:"/data/data/com.termux/files/usr/bin/make" "cmTC_32258/fast"
/data/data/com.termux/files/usr/bin/make -f CMakeFiles/cmTC_32258.dir/build.make CMakeFiles/cmTC_32258.dir/build
make[1]: Entering directory '/data/data/com.termux/files/home/ELFLoader/CMakeFiles/CMakeTmp'
Building CXX object CMakeFiles/cmTC_32258.dir/feature_tests.cxx.o
/data/data/com.termux/files/usr/bin/c++    -std=c++14 -o CMakeFiles/cmTC_32258.dir/feature_tests.cxx.o -c /data/data/com.termux/files/home/ELFLoader/CMakeFiles/feature_tests.cxx
Linking CXX executable cmTC_32258
/data/data/com.termux/files/usr/bin/cmake -E cmake_link_script CMakeFiles/cmTC_32258.dir/link.txt --verbose=1
/data/data/com.termux/files/usr/bin/c++       -rdynamic CMakeFiles/cmTC_32258.dir/feature_tests.cxx.o  -o cmTC_32258 
make[1]: Leaving directory '/data/data/com.termux/files/home/ELFLoader/CMakeFiles/CMakeTmp'


    Feature record: CXX_FEATURE:1cxx_aggregate_default_initializers
    Feature record: CXX_FEATURE:1cxx_alias_templates
    Feature record: CXX_FEATURE:1cxx_alignas
    Feature record: CXX_FEATURE:1cxx_alignof
    Feature record: CXX_FEATURE:1cxx_attributes
    Feature record: CXX_FEATURE:1cxx_attribute_deprecated
    Feature record: CXX_FEATURE:1cxx_auto_type
    Feature record: CXX_FEATURE:1cxx_binary_literals
    Feature record: CXX_FEATURE:1cxx_constexpr
    Feature record: CXX_FEATURE:1cxx_contextual_conversions
    Feature record: CXX_FEATURE:1cxx_decltype
    Feature record: CXX_FEATURE:1cxx_decltype_auto
    Feature record: CXX_FEATURE:1cxx_decltype_incomplete_return_types
    Feature record: CXX_FEATURE:1cxx_default_function_template_args
    Feature record: CXX_FEATURE:1cxx_defaulted_functions
    Feature record: CXX_FEATURE:1cxx_defaulted_move_initializers
    Feature record: CXX_FEATURE:1cxx_delegating_constructors
    Feature record: CXX_FEATURE:1cxx_deleted_functions
    Feature record: CXX_FEATURE:1cxx_digit_separators
    Feature record: CXX_FEATURE:1cxx_enum_forward_declarations
    Feature record: CXX_FEATURE:1cxx_explicit_conversions
    Feature record: CXX_FEATURE:1cxx_extended_friend_declarations
    Feature record: CXX_FEATURE:1cxx_extern_templates
    Feature record: CXX_FEATURE:1cxx_final
    Feature record: CXX_FEATURE:1cxx_func_identifier
    Feature record: CXX_FEATURE:1cxx_generalized_initializers
    Feature record: CXX_FEATURE:1cxx_generic_lambdas
    Feature record: CXX_FEATURE:1cxx_inheriting_constructors
    Feature record: CXX_FEATURE:1cxx_inline_namespaces
    Feature record: CXX_FEATURE:1cxx_lambdas
    Feature record: CXX_FEATURE:1cxx_lambda_init_captures
    Feature record: CXX_FEATURE:1cxx_local_type_template_args
    Feature record: CXX_FEATURE:1cxx_long_long_type
    Feature record: CXX_FEATURE:1cxx_noexcept
    Feature record: CXX_FEATURE:1cxx_nonstatic_member_init
    Feature record: CXX_FEATURE:1cxx_nullptr
    Feature record: CXX_FEATURE:1cxx_override
    Feature record: CXX_FEATURE:1cxx_range_for
    Feature record: CXX_FEATURE:1cxx_raw_string_literals
    Feature record: CXX_FEATURE:1cxx_reference_qualified_functions
    Feature record: CXX_FEATURE:1cxx_relaxed_constexpr
    Feature record: CXX_FEATURE:1cxx_return_type_deduction
    Feature record: CXX_FEATURE:1cxx_right_angle_brackets
    Feature record: CXX_FEATURE:1cxx_rvalue_references
    Feature record: CXX_FEATURE:1cxx_sizeof_member
    Feature record: CXX_FEATURE:1cxx_static_assert
    Feature record: CXX_FEATURE:1cxx_strong_enums
    Feature record: CXX_FEATURE:1cxx_template_template_parameters
    Feature record: CXX_FEATURE:1cxx_thread_local
    Feature record: CXX_FEATURE:1cxx_trailing_return_types
    Feature record: CXX_FEATURE:1cxx_unicode_literals
    Feature record: CXX_FEATURE:1cxx_uniform_initialization
    Feature record: CXX_FEATURE:1cxx_unrestricted_unions
    Feature record: CXX_FEATURE:1cxx_user_literals
    Feature record: CXX_FEATURE:1cxx_variable_templates
    Feature record: CXX_FEATURE:1cxx_variadic_macros
    Feature record: CXX_FEATURE:1cxx_variadic_templates


Detecting CXX [-std=c++11] compiler features compiled with the following output:
Change Dir: /data/data/com.termux/files/home/ELFLoader/CMakeFiles/CMakeTmp

Run Build Command:"/data/data/com.termux/files/usr/bin/make" "cmTC_4376a/fast"
/data/data/com.termux/files/usr/bin/make -f CMakeFiles/cmTC_4376a.dir/build.make CMakeFiles/cmTC_4376a.dir/build
make[1]: Entering directory '/data/data/com.termux/files/home/ELFLoader/CMakeFiles/CMakeTmp'
Building CXX object CMakeFiles/cmTC_4376a.dir/feature_tests.cxx.o
/data/data/com.termux/files/usr/bin/c++    -std=c++11 -o CMakeFiles/cmTC_4376a.dir/feature_tests.cxx.o -c /data/data/com.termux/files/home/ELFLoader/CMakeFiles/feature_tests.cxx
Linking CXX executable cmTC_4376a
/data/data/com.termux/files/usr/bin/cmake -E cmake_link_script CMakeFiles/cmTC_4376a.dir/link.txt --verbose=1
/data/data/com.termux/files/usr/bin/c++       -rdynamic CMakeFiles/cmTC_4376a.dir/feature_tests.cxx.o  -o cmTC_4376a 
make[1]: Leaving directory '/data/data/com.termux/files/home/ELFLoader/CMakeFiles/CMakeTmp'


    Feature record: CXX_FEATURE:0cxx_aggregate_default_initializers
    Feature record: CXX_FEATURE:1cxx_alias_templates
    Feature record: CXX_FEATURE:1cxx_alignas
    Feature record: CXX_FEATURE:1cxx_alignof
    Feature record: CXX_FEATURE:1cxx_attributes
    Feature record: CXX_FEATURE:0cxx_attribute_deprecated
    Feature record: CXX_FEATURE:1cxx_auto_type
    Feature record: CXX_FEATURE:0cxx_binary_literals
    Feature record: CXX_FEATURE:1cxx_constexpr
    Feature record: CXX_FEATURE:0cxx_contextual_conversions
    Feature record: CXX_FEATURE:1cxx_decltype
    Feature record: CXX_FEATURE:0cxx_decltype_auto
    Feature record: CXX_FEATURE:1cxx_decltype_incomplete_return_types
    Feature record: CXX_FEATURE:1cxx_default_function_template_args
    Feature record: CXX_FEATURE:1cxx_defaulted_functions
    Feature record: CXX_FEATURE:1cxx_defaulted_move_initializers
    Feature record: CXX_FEATURE:1cxx_delegating_constructors
    Feature record: CXX_FEATURE:1cxx_deleted_functions
    Feature record: CXX_FEATURE:0cxx_digit_separators
    Feature record: CXX_FEATURE:1cxx_enum_forward_declarations
    Feature record: CXX_FEATURE:1cxx_explicit_conversions
    Feature record: CXX_FEATURE:1cxx_extended_friend_declarations
    Feature record: CXX_FEATURE:1cxx_extern_templates
    Feature record: CXX_FEATURE:1cxx_final
    Feature record: CXX_FEATURE:1cxx_func_identifier
    Feature record: CXX_FEATURE:1cxx_generalized_initializers
    Feature record: CXX_FEATURE:0cxx_generic_lambdas
    Feature record: CXX_FEATURE:1cxx_inheriting_constructors
    Feature record: CXX_FEATURE:1cxx_inline_namespaces
    Feature record: CXX_FEATURE:1cxx_lambdas
    Feature record: CXX_FEATURE:0cxx_lambda_init_captures
    Feature record: CXX_FEATURE:1cxx_local_type_template_args
    Feature record: CXX_FEATURE:1cxx_long_long_type
    Feature record: CXX_FEATURE:1cxx_noexcept
    Feature record: CXX_FEATURE:1cxx_nonstatic_member_init
    Feature record: CXX_FEATURE:1cxx_nullptr
    Feature record: CXX_FEATURE:1cxx_override
    Feature record: CXX_FEATURE:1cxx_range_for
    Feature record: CXX_FEATURE:1cxx_raw_string_literals
    Feature record: CXX_FEATURE:1cxx_reference_qualified_functions
    Feature record: CXX_FEATURE:0cxx_relaxed_constexpr
    Feature record: CXX_FEATURE:0cxx_return_type_deduction
    Feature record: CXX_FEATURE:1cxx_right_angle_brackets
    Feature record: CXX_FEATURE:1cxx_rvalue_references
    Feature record: CXX_FEATURE:1cxx_sizeof_member
    Feature record: CXX_FEATURE:1cxx_static_assert
    Feature record: CXX_FEATURE:1cxx_strong_enums
    Feature record: CXX_FEATURE:1cxx_template_template_parameters
    Feature record: CXX_FEATURE:1cxx_thread_local
    Feature record: CXX_FEATURE:1cxx_trailing_return_types
    Feature record: CXX_FEATURE:1cxx_unicode_literals
    Feature record: CXX_FEATURE:1cxx_uniform_initialization
    Feature record: CXX_FEATURE:1cxx_unrestricted_unions
    Feature record: CXX_FEATURE:1cxx_user_literals
    Feature record: CXX_FEATURE:0cxx_variable_templates
    Feature record: CXX_FEATURE:1cxx_variadic_macros
    Feature record: CXX_FEATURE:1cxx_variadic_templates


Detecting CXX [-std=c++98] compiler features compiled with the following output:
Change Dir: /data/data/com.termux/files/home/ELFLoader/CMakeFiles/CMakeTmp

Run Build Command:"/data/data/com.termux/files/usr/bin/make" "cmTC_24534/fast"
/data/data/com.termux/files/usr/bin/make -f CMakeFiles/cmTC_24534.dir/build.make CMakeFiles/cmTC_24534.dir/build
make[1]: Entering directory '/data/data/com.termux/files/home/ELFLoader/CMakeFiles/CMakeTmp'
Building CXX object CMakeFiles/cmTC_24534.dir/feature_tests.cxx.o
/data/data/com.termux/files/usr/bin/c++    -std=c++98 -o CMakeFiles/cmTC_24534.dir/feature_tests.cxx.o -c /data/data/com.termux/files/home/ELFLoader/CMakeFiles/feature_tests.cxx
Linking CXX executable cmTC_24534
/data/data/com.termux/files/usr/bin/cmake -E cmake_link_script CMakeFiles/cmTC_24534.dir/link.txt --verbose=1
/data/data/com.termux/files/usr/bin/c++       -rdynamic CMakeFiles/cmTC_24534.dir/feature_tests.cxx.o  -o cmTC_24534 
make[1]: Leaving directory '/data/data/com.termux/files/home/ELFLoader/CMakeFiles/CMakeTmp'


    Feature record: CXX_FEATURE:0cxx_aggregate_default_initializers
    Feature record: CXX_FEATURE:0cxx_alias_templates
    Feature record: CXX_FEATURE:0cxx_alignas
    Feature record: CXX_FEATURE:0cxx_alignof
    Feature record: CXX_FEATURE:0cxx_attributes
    Feature record: CXX_FEATURE:0cxx_attribute_deprecated
    Feature record: CXX_FEATURE:0cxx_auto_type
    Feature record: CXX_FEATURE:0cxx_binary_literals
    Feature record: CXX_FEATURE:0cxx_constexpr
    Feature record: CXX_FEATURE:0cxx_contextual_conversions
    Feature record: CXX_FEATURE:0cxx_decltype
    Feature record: CXX_FEATURE:0cxx_decltype_auto
    Feature record: CXX_FEATURE:0cxx_decltype_incomplete_return_types
    Feature record: CXX_FEATURE:0cxx_default_function_template_args
    Feature record: CXX_FEATURE:0cxx_defaulted_functions
    Feature record: CXX_FEATURE:0cxx_defaulted_move_initializers
    Feature record: CXX_FEATURE:0cxx_delegating_constructors
    Feature record: CXX_FEATURE:0cxx_deleted_functions
    Feature record: CXX_FEATURE:0cxx_digit_separators
    Feature record: CXX_FEATURE:0cxx_enum_forward_declarations
    Feature record: CXX_FEATURE:0cxx_explicit_conversions
    Feature record: CXX_FEATURE:0cxx_extended_friend_declarations
    Feature record: CXX_FEATURE:0cxx_extern_templates
    Feature record: CXX_FEATURE:0cxx_final
    Feature record: CXX_FEATURE:0cxx_func_identifier
    Feature record: CXX_FEATURE:0cxx_generalized_initializers
    Feature record: CXX_FEATURE:0cxx_generic_lambdas
    Feature record: CXX_FEATURE:0cxx_inheriting_constructors
    Feature record: CXX_FEATURE:0cxx_inline_namespaces
    Feature record: CXX_FEATURE:0cxx_lambdas
    Feature record: CXX_FEATURE:0cxx_lambda_init_captures
    Feature record: CXX_FEATURE:0cxx_local_type_template_args
    Feature record: CXX_FEATURE:0cxx_long_long_type
    Feature record: CXX_FEATURE:0cxx_noexcept
    Feature record: CXX_FEATURE:0cxx_nonstatic_member_init
    Feature record: CXX_FEATURE:0cxx_nullptr
    Feature record: CXX_FEATURE:0cxx_override
    Feature record: CXX_FEATURE:0cxx_range_for
    Feature record: CXX_FEATURE:0cxx_raw_string_literals
    Feature record: CXX_FEATURE:0cxx_reference_qualified_functions
    Feature record: CXX_FEATURE:0cxx_relaxed_constexpr
    Feature record: CXX_FEATURE:0cxx_return_type_deduction
    Feature record: CXX_FEATURE:0cxx_right_angle_brackets
    Feature record: CXX_FEATURE:0cxx_rvalue_references
    Feature record: CXX_FEATURE:0cxx_sizeof_member
    Feature record: CXX_FEATURE:0cxx_static_assert
    Feature record: CXX_FEATURE:0cxx_strong_enums
    Feature record: CXX_FEATURE:1cxx_template_template_parameters
    Feature record: CXX_FEATURE:0cxx_thread_local
    Feature record: CXX_FEATURE:0cxx_trailing_return_types
    Feature record: CXX_FEATURE:0cxx_unicode_literals
    Feature record: CXX_FEATURE:0cxx_uniform_initialization
    Feature record: CXX_FEATURE:0cxx_unrestricted_unions
    Feature record: CXX_FEATURE:0cxx_user_literals
    Feature record: CXX_FEATURE:0cxx_variable_templates
    Feature record: CXX_FEATURE:0cxx_variadic_macros
    Feature record: CXX_FEATURE:0cxx_variadic_templates
